{
  "0 debug pnpm:scope": {
    "selected": 1
  },
  "1 info pnpm": {
    "err": {
      "name": "Error",
      "message": "Command failed with ENOENT: dev\nspawn dev ENOENT",
      "code": "ENOENT",
      "stack": "Error: Command failed with ENOENT: dev\nspawn dev ENOENT\n    at Process.ChildProcess._handle.onexit (node:internal/child_process:283:19)\n    at onErrorNT (node:internal/child_process:478:16)\n    at processTicksAndRejections (node:internal/process/task_queues:83:21)"
    }
  },
  "2 error pnpm": {
    "errno": -2,
    "code": "ERR_PNPM_RECURSIVE_EXEC_FIRST_FAIL",
    "syscall": "spawn dev",
    "path": "dev",
    "spawnargs": [],
    "originalMessage": "spawn dev ENOENT",
    "shortMessage": "Command failed with ENOENT: dev\nspawn dev ENOENT",
    "command": "dev",
    "escapedCommand": "dev",
    "failed": true,
    "timedOut": false,
    "isCanceled": false,
    "killed": false,
    "prefix": "/home/dev/Music/NewFolder/MyWorkSpace/hospital-managment",
    "err": {
      "name": "Error",
      "message": "Command failed with ENOENT: dev\nspawn dev ENOENT",
      "code": "ERR_PNPM_RECURSIVE_EXEC_FIRST_FAIL",
      "stack": "Error: Command failed with ENOENT: dev\nspawn dev ENOENT\n    at Process.ChildProcess._handle.onexit (node:internal/child_process:283:19)\n    at onErrorNT (node:internal/child_process:478:16)\n    at processTicksAndRejections (node:internal/process/task_queues:83:21)"
    }
  }
}